f:\lander\documents\graphics coursework 1\cw1\debug\cw1.pch
f:\lander\documents\graphics coursework 1\cw1\debug\vc120.pdb
f:\lander\documents\graphics coursework 1\cw1\debug\vc120.idb
f:\lander\documents\graphics coursework 1\cw1\debug\stdafx.obj
f:\lander\documents\graphics coursework 1\cw1\debug\cw1.obj
c:\users\lander\onedrive\work\graphics coursework 1\cw1\debug\cw1.pch
c:\users\lander\onedrive\work\graphics coursework 1\cw1\debug\vc120.pdb
c:\users\lander\onedrive\work\graphics coursework 1\cw1\debug\vc120.idb
c:\users\lander\onedrive\work\graphics coursework 1\cw1\debug\stdafx.obj
c:\users\lander\onedrive\work\graphics coursework 1\cw1\debug\cw1.obj
f:\lander\documents\graphics coursework 1\debug\cw1.ilk
f:\lander\documents\graphics coursework 1\debug\cw1.exe
f:\lander\documents\graphics coursework 1\debug\cw1.pdb
c:\users\lander\onedrive\work\graphics coursework 1\debug\cw1.ilk
c:\users\lander\onedrive\work\graphics coursework 1\debug\cw1.exe
c:\users\lander\onedrive\work\graphics coursework 1\debug\cw1.pdb
c:\users\student\onedrive\work\graphics coursework 1\cw1\debug\cw1.obj
c:\users\student\onedrive\work\graphics coursework 1\cw1\debug\stdafx.obj
c:\users\student\onedrive\work\graphics coursework 1\cw1\debug\cw1.pch
c:\users\student\onedrive\work\graphics coursework 1\cw1\debug\vc120.idb
c:\users\student\onedrive\work\graphics coursework 1\cw1\debug\vc120.pdb
c:\users\student\onedrive\work\graphics coursework 1\debug\cw1.pdb
c:\users\student\onedrive\work\graphics coursework 1\debug\cw1.exe
c:\users\student\onedrive\work\graphics coursework 1\debug\cw1.ilk
c:\users\student\onedrive\work\graphics coursework 1\cw1\debug\cw1.tlog\cl.command.1.tlog
c:\users\student\onedrive\work\graphics coursework 1\cw1\debug\cw1.tlog\cl.read.1.tlog
c:\users\student\onedrive\work\graphics coursework 1\cw1\debug\cw1.tlog\cl.write.1.tlog
c:\users\student\onedrive\work\graphics coursework 1\cw1\debug\cw1.tlog\link.command.1.tlog
c:\users\student\onedrive\work\graphics coursework 1\cw1\debug\cw1.tlog\link.read.1.tlog
c:\users\student\onedrive\work\graphics coursework 1\cw1\debug\cw1.tlog\link.write.1.tlog
